Determining if the pthread_create exist failed with the following output:
Change Dir: /home/tom/Desktop/sensor_tutorial/build/CMakeFiles/CMakeTmp

Run Build Command:/usr/bin/make "cmTryCompileExec1389038200/fast"
/usr/bin/make -f CMakeFiles/cmTryCompileExec1389038200.dir/build.make CMakeFiles/cmTryCompileExec1389038200.dir/build
make[1]: Entering directory `/home/tom/Desktop/sensor_tutorial/build/CMakeFiles/CMakeTmp'
/usr/bin/cmake -E cmake_progress_report /home/tom/Desktop/sensor_tutorial/build/CMakeFiles/CMakeTmp/CMakeFiles 1
Building C object CMakeFiles/cmTryCompileExec1389038200.dir/CheckSymbolExists.c.o
/usr/bin/cc    -o CMakeFiles/cmTryCompileExec1389038200.dir/CheckSymbolExists.c.o   -c /home/tom/Desktop/sensor_tutorial/build/CMakeFiles/CMakeTmp/CheckSymbolExists.c
Linking C executable cmTryCompileExec1389038200
/usr/bin/cmake -E cmake_link_script CMakeFiles/cmTryCompileExec1389038200.dir/link.txt --verbose=1
/usr/bin/cc       CMakeFiles/cmTryCompileExec1389038200.dir/CheckSymbolExists.c.o  -o cmTryCompileExec1389038200 -rdynamic 
CMakeFiles/cmTryCompileExec1389038200.dir/CheckSymbolExists.c.o: In function `main':
CheckSymbolExists.c:(.text+0x16): undefined reference to `pthread_create'
collect2: error: ld returned 1 exit status
make[1]: Leaving directory `/home/tom/Desktop/sensor_tutorial/build/CMakeFiles/CMakeTmp'
make[1]: *** [cmTryCompileExec1389038200] Error 1
make: *** [cmTryCompileExec1389038200/fast] Error 2

File /home/tom/Desktop/sensor_tutorial/build/CMakeFiles/CMakeTmp/CheckSymbolExists.c:
/* */
#include <pthread.h>

int main(int argc, char** argv)
{
  (void)argv;
#ifndef pthread_create
  return ((int*)(&pthread_create))[argc];
#else
  (void)argc;
  return 0;
#endif
}

Determining if the function pthread_create exists in the pthreads failed with the following output:
Change Dir: /home/tom/Desktop/sensor_tutorial/build/CMakeFiles/CMakeTmp

Run Build Command:/usr/bin/make "cmTryCompileExec3018125632/fast"
/usr/bin/make -f CMakeFiles/cmTryCompileExec3018125632.dir/build.make CMakeFiles/cmTryCompileExec3018125632.dir/build
make[1]: Entering directory `/home/tom/Desktop/sensor_tutorial/build/CMakeFiles/CMakeTmp'
/usr/bin/cmake -E cmake_progress_report /home/tom/Desktop/sensor_tutorial/build/CMakeFiles/CMakeTmp/CMakeFiles 1
Building C object CMakeFiles/cmTryCompileExec3018125632.dir/CheckFunctionExists.c.o
/usr/bin/cc   -DCHECK_FUNCTION_EXISTS=pthread_create   -o CMakeFiles/cmTryCompileExec3018125632.dir/CheckFunctionExists.c.o   -c /usr/share/cmake-2.8/Modules/CheckFunctionExists.c
Linking C executable cmTryCompileExec3018125632
/usr/bin/cmake -E cmake_link_script CMakeFiles/cmTryCompileExec3018125632.dir/link.txt --verbose=1
/usr/bin/cc   -DCHECK_FUNCTION_EXISTS=pthread_create    CMakeFiles/cmTryCompileExec3018125632.dir/CheckFunctionExists.c.o  -o cmTryCompileExec3018125632 -rdynamic -lpthreads 
/usr/bin/ld: cannot find -lpthreads
collect2: error: ld returned 1 exit status
make[1]: Leaving directory `/home/tom/Desktop/sensor_tutorial/build/CMakeFiles/CMakeTmp'
make[1]: *** [cmTryCompileExec3018125632] Error 1
make: *** [cmTryCompileExec3018125632/fast] Error 2


